0 info it worked if it ends with ok
1 verbose cli [ '/Users/tongxiang/.nvm/versions/node/v6.2.2/bin/node',
1 verbose cli   '/Users/tongxiang/.nvm/versions/node/v6.2.2/bin/npm',
1 verbose cli   'publish',
1 verbose cli   'wheniwork-unofficial' ]
2 info using npm@3.9.5
3 info using node@v6.2.2
4 verbose publish [ 'wheniwork-unofficial' ]
5 silly cache add args [ 'wheniwork-unofficial', null ]
6 verbose cache add spec wheniwork-unofficial
7 silly cache add parsed spec Result {
7 silly cache add   raw: 'wheniwork-unofficial',
7 silly cache add   scope: null,
7 silly cache add   name: 'wheniwork-unofficial',
7 silly cache add   rawSpec: '',
7 silly cache add   spec: 'latest',
7 silly cache add   type: 'tag' }
8 silly addNamed wheniwork-unofficial@latest
9 verbose addNamed "latest" is being treated as a dist-tag for wheniwork-unofficial
10 info addNameTag [ 'wheniwork-unofficial', 'latest' ]
11 silly mapToRegistry name wheniwork-unofficial
12 silly mapToRegistry using default registry
13 silly mapToRegistry registry https://registry.npmjs.org/
14 silly mapToRegistry data Result {
14 silly mapToRegistry   raw: 'wheniwork-unofficial',
14 silly mapToRegistry   scope: null,
14 silly mapToRegistry   name: 'wheniwork-unofficial',
14 silly mapToRegistry   rawSpec: '',
14 silly mapToRegistry   spec: 'latest',
14 silly mapToRegistry   type: 'tag' }
15 silly mapToRegistry uri https://registry.npmjs.org/wheniwork-unofficial
16 verbose addNameTag registry:https://registry.npmjs.org/wheniwork-unofficial not in flight; fetching
17 verbose request uri https://registry.npmjs.org/wheniwork-unofficial
18 verbose request no auth needed
19 info attempt registry request try #1 at 5:29:15 PM
20 verbose request using bearer token for auth
21 verbose request id bd7472ec559836c4
22 http request GET https://registry.npmjs.org/wheniwork-unofficial
23 http 200 https://registry.npmjs.org/wheniwork-unofficial
24 verbose headers { server: 'CouchDB/1.5.0 (Erlang OTP/R16B03)',
24 verbose headers   etag: '"D1CEEXPV23HR8RL0T9HQNJ8XH"',
24 verbose headers   'content-type': 'application/json',
24 verbose headers   'content-encoding': 'gzip',
24 verbose headers   'cache-control': 'max-age=300',
24 verbose headers   'transfer-encoding': 'chunked',
24 verbose headers   'accept-ranges': 'bytes',
24 verbose headers   date: 'Mon, 03 Oct 2016 21:29:15 GMT',
24 verbose headers   via: '1.1 varnish',
24 verbose headers   connection: 'keep-alive',
24 verbose headers   'x-served-by': 'cache-iad2141-IAD',
24 verbose headers   'x-cache': 'MISS',
24 verbose headers   'x-cache-hits': '0',
24 verbose headers   'x-timer': 'S1475530155.824993,VS0,VE103',
24 verbose headers   vary: 'Accept-Encoding' }
25 silly get cb [ 200,
25 silly get   { server: 'CouchDB/1.5.0 (Erlang OTP/R16B03)',
25 silly get     etag: '"D1CEEXPV23HR8RL0T9HQNJ8XH"',
25 silly get     'content-type': 'application/json',
25 silly get     'content-encoding': 'gzip',
25 silly get     'cache-control': 'max-age=300',
25 silly get     'transfer-encoding': 'chunked',
25 silly get     'accept-ranges': 'bytes',
25 silly get     date: 'Mon, 03 Oct 2016 21:29:15 GMT',
25 silly get     via: '1.1 varnish',
25 silly get     connection: 'keep-alive',
25 silly get     'x-served-by': 'cache-iad2141-IAD',
25 silly get     'x-cache': 'MISS',
25 silly get     'x-cache-hits': '0',
25 silly get     'x-timer': 'S1475530155.824993,VS0,VE103',
25 silly get     vary: 'Accept-Encoding' } ]
26 verbose get saving wheniwork-unofficial to /Users/tongxiang/.npm/registry.npmjs.org/wheniwork-unofficial/.cache.json
27 verbose correctMkdir /Users/tongxiang/.npm correctMkdir not in flight; initializing
28 silly addNameTag next cb for wheniwork-unofficial with tag latest
29 silly addNamed wheniwork-unofficial@0.2.4
30 verbose addNamed "0.2.4" is a plain semver version for wheniwork-unofficial
31 silly cache afterAdd wheniwork-unofficial@0.2.4
32 verbose afterAdd /Users/tongxiang/.npm/wheniwork-unofficial/0.2.4/package/package.json not in flight; writing
33 verbose correctMkdir /Users/tongxiang/.npm correctMkdir not in flight; initializing
34 verbose afterAdd /Users/tongxiang/.npm/wheniwork-unofficial/0.2.4/package/package.json written
35 silly publish { name: 'wheniwork-unofficial',
35 silly publish   version: '0.2.4',
35 silly publish   repository:
35 silly publish    { type: 'git',
35 silly publish      url: 'git+https://github.com/CrisisTextLine/wheniwork-nodejs-unofficial.git' },
35 silly publish   description: 'Wrapper around WhenIWork API. Refer to http://dev.wheniwork.com/ for access methods.',
35 silly publish   main: 'index.js',
35 silly publish   scripts: {},
35 silly publish   author: { name: 'Chris Johnson', url: 'chris@cjcodes.com' },
35 silly publish   license: 'ISC',
35 silly publish   dependencies: { request: '^2.67.0' },
35 silly publish   gitHead: 'f1df13323e00823dd112c425f0afb39f107179a2',
35 silly publish   bugs: { url: 'https://github.com/CrisisTextLine/wheniwork-nodejs-unofficial/issues' },
35 silly publish   homepage: 'https://github.com/CrisisTextLine/wheniwork-nodejs-unofficial#readme',
35 silly publish   _id: 'wheniwork-unofficial@0.2.4',
35 silly publish   _shasum: '020657416f402ed37ebbdc5dc581c2834cbcee18',
35 silly publish   _from: 'wheniwork-unofficial@latest',
35 silly publish   _npmVersion: '3.9.5',
35 silly publish   _nodeVersion: '6.2.2',
35 silly publish   _npmUser: { name: 'apackin', email: 'apackin@gmail.com' },
35 silly publish   dist:
35 silly publish    { shasum: '020657416f402ed37ebbdc5dc581c2834cbcee18',
35 silly publish      tarball: 'https://registry.npmjs.org/wheniwork-unofficial/-/wheniwork-unofficial-0.2.4.tgz' },
35 silly publish   maintainers:
35 silly publish    [ { name: 'apackin', email: 'apackin@gmail.com' },
35 silly publish      { name: 'cjcodes', email: 'chris@cjcodes.com' },
35 silly publish      { name: 'jgrauschenberg', email: 'john.rauschenberg@gmail.com' } ],
35 silly publish   _npmOperationalInternal:
35 silly publish    { host: 'packages-16-east.internal.npmjs.com',
35 silly publish      tmp: 'tmp/wheniwork-unofficial-0.2.4.tgz_1472751519084_0.44484178186394274' },
35 silly publish   directories: {},
35 silly publish   _resolved: 'https://registry.npmjs.org/wheniwork-unofficial/-/wheniwork-unofficial-0.2.4.tgz',
35 silly publish   readme: 'ERROR: No README data found!' }
36 info lifecycle wheniwork-unofficial@0.2.4~prepublish: wheniwork-unofficial@0.2.4
37 silly lifecycle wheniwork-unofficial@0.2.4~prepublish: no script for prepublish, continuing
38 verbose getPublishConfig undefined
39 silly mapToRegistry name wheniwork-unofficial
40 silly mapToRegistry using default registry
41 silly mapToRegistry registry https://registry.npmjs.org/
42 silly mapToRegistry data Result {
42 silly mapToRegistry   raw: 'wheniwork-unofficial',
42 silly mapToRegistry   scope: null,
42 silly mapToRegistry   name: 'wheniwork-unofficial',
42 silly mapToRegistry   rawSpec: '',
42 silly mapToRegistry   spec: 'latest',
42 silly mapToRegistry   type: 'tag' }
43 silly mapToRegistry uri https://registry.npmjs.org/wheniwork-unofficial
44 verbose publish registryBase https://registry.npmjs.org/
45 silly publish uploading /Users/tongxiang/.npm/wheniwork-unofficial/0.2.4/package.tgz
46 verbose request uri https://registry.npmjs.org/wheniwork-unofficial
47 verbose request sending authorization for write operation
48 info attempt registry request try #1 at 5:29:15 PM
49 verbose request using bearer token for auth
50 http request PUT https://registry.npmjs.org/wheniwork-unofficial
51 http 403 https://registry.npmjs.org/wheniwork-unofficial
52 verbose headers { 'content-type': 'application/json',
52 verbose headers   'cache-control': 'max-age=300',
52 verbose headers   'content-length': '95',
52 verbose headers   'accept-ranges': 'bytes',
52 verbose headers   date: 'Mon, 03 Oct 2016 21:29:16 GMT',
52 verbose headers   via: '1.1 varnish',
52 verbose headers   connection: 'keep-alive',
52 verbose headers   'x-served-by': 'cache-iad2141-IAD',
52 verbose headers   'x-cache': 'MISS',
52 verbose headers   'x-cache-hits': '0',
52 verbose headers   'x-timer': 'S1475530155.994140,VS0,VE607',
52 verbose headers   vary: 'Accept-Encoding' }
53 verbose request invalidating /Users/tongxiang/.npm/registry.npmjs.org/wheniwork-unofficial on PUT
54 error publish Failed PUT 403
55 verbose stack Error: "You cannot publish over the previously published version 0.2.4." : wheniwork-unofficial
55 verbose stack     at makeError (/Users/tongxiang/.nvm/versions/node/v6.2.2/lib/node_modules/npm/node_modules/npm-registry-client/lib/request.js:264:12)
55 verbose stack     at CachingRegistryClient.<anonymous> (/Users/tongxiang/.nvm/versions/node/v6.2.2/lib/node_modules/npm/node_modules/npm-registry-client/lib/request.js:252:14)
55 verbose stack     at Request._callback (/Users/tongxiang/.nvm/versions/node/v6.2.2/lib/node_modules/npm/node_modules/npm-registry-client/lib/request.js:172:14)
55 verbose stack     at Request.self.callback (/Users/tongxiang/.nvm/versions/node/v6.2.2/lib/node_modules/npm/node_modules/request/request.js:200:22)
55 verbose stack     at emitTwo (events.js:106:13)
55 verbose stack     at Request.emit (events.js:191:7)
55 verbose stack     at Request.<anonymous> (/Users/tongxiang/.nvm/versions/node/v6.2.2/lib/node_modules/npm/node_modules/request/request.js:1067:10)
55 verbose stack     at emitOne (events.js:101:20)
55 verbose stack     at Request.emit (events.js:188:7)
55 verbose stack     at IncomingMessage.<anonymous> (/Users/tongxiang/.nvm/versions/node/v6.2.2/lib/node_modules/npm/node_modules/request/request.js:988:12)
56 verbose statusCode 403
57 verbose pkgid wheniwork-unofficial
58 verbose cwd /Users/tongxiang/ctl/wheniwork-nodejs-unofficial
59 error Darwin 15.6.0
60 error argv "/Users/tongxiang/.nvm/versions/node/v6.2.2/bin/node" "/Users/tongxiang/.nvm/versions/node/v6.2.2/bin/npm" "publish" "wheniwork-unofficial"
61 error node v6.2.2
62 error npm  v3.9.5
63 error code E403
64 error "You cannot publish over the previously published version 0.2.4." : wheniwork-unofficial
65 error If you need help, you may report this error at:
65 error     <https://github.com/npm/npm/issues>
66 verbose exit [ 1, true ]
